<?xml version="1.0" encoding="utf-8"?><testsuites><testsuite name="pytest" errors="0" failures="0" skipped="0" tests="7" time="0.311" timestamp="2025-06-19T00:06:05.203454" hostname="pkrvmxyh4eaekms"><testcase classname="weather.tests.test_api" name="test_get_weather_success" time="0.004" /><testcase classname="weather.tests.test_api" name="test_get_weather_no_temperature" time="0.002" /><testcase classname="weather.tests.test_api" name="test_get_weather_api_failure" time="0.002" /><testcase classname="weather.tests.test_api" name="test_get_weather_invalid_city" time="0.001" /><testcase classname="weather.tests.test_render" name="test_render_weather_basic" time="0.018" /><testcase classname="weather.tests.test_render" name="test_render_weather_with_forecast" time="0.011" /><testcase classname="weather.tests.test_render" name="test_render_weather_empty_forecast" time="0.006" /></testsuite></testsuites>